#
# A fatal error has been detected by the Java Runtime Environment:
#
#  Internal Error (javaClasses.cpp:129), pid=72116, tid=77844
#  fatal error: Invalid layout of preloaded class
#
# JRE version: 7.0_17-b02
# Java VM: Java HotSpot(TM) 64-Bit Server VM (23.7-b01 mixed mode windows-amd64 compressed oops)
# Failed to write core dump. Minidumps are not enabled by default on client versions of Windows
#
# If you would like to submit a bug report, please visit:
#   http://bugreport.sun.com/bugreport/crash.jsp
#

---------------  T H R E A D  ---------------

Current thread (0x0000000002ebe000):  JavaThread "Unknown thread" [_thread_in_vm, id=77844, stack(0x0000000002d60000,0x0000000002e60000)]

Stack: [0x0000000002d60000,0x0000000002e60000]

---------------  P R O C E S S  ---------------

Java Threads: ( => current thread )

Other Threads:

=>0x0000000002ebe000 (exited) JavaThread "Unknown thread" [_thread_in_vm, id=77844, stack(0x0000000002d60000,0x0000000002e60000)]

VM state:not at safepoint (not fully initialized)

VM Mutex/Monitor currently owned by a thread: None

GC Heap History (0 events):
No events

Deoptimization events (0 events):
No events

Internal exceptions (0 events):
No events

Events (10 events):
Event: 0.017 loading class 0x0000000002ed2230 done
Event: 0.017 loading class 0x0000000002ed22f0 done
Event: 0.017 loading class 0x0000000002ed2350
Event: 0.017 loading class 0x0000000002f11f50
Event: 0.017 loading class 0x0000000002f11f50 done
Event: 0.017 loading class 0x0000000002f11f90
Event: 0.017 loading class 0x0000000002f11f90 done
Event: 0.017 loading class 0x0000000002f5d310
Event: 0.017 loading class 0x0000000002f5d310 done
Event: 0.017 loading class 0x0000000002ed2350 done


Dynamic libraries:
0x00007ff657880000 - 0x00007ff6578b3000 	C:\Program Files\Java\jre7\bin\javaw.exe
0x00007ffd28f60000 - 0x00007ffd2910c000 	C:\windows\SYSTEM32\ntdll.dll
0x00007ffd26640000 - 0x00007ffd2677e000 	C:\windows\system32\KERNEL32.DLL
0x00007ffd26230000 - 0x00007ffd26345000 	C:\windows\system32\KERNELBASE.dll
0x00007ffd24be0000 - 0x00007ffd24c6e000 	C:\windows\system32\apphelp.dll
0x00007ffd23230000 - 0x00007ffd23283000 	C:\windows\AppPatch\AppPatch64\AcGenral.DLL
0x00007ffd27700000 - 0x00007ffd277aa000 	C:\windows\system32\msvcrt.dll
0x00007ffd25e90000 - 0x00007ffd25ebe000 	C:\windows\SYSTEM32\SspiCli.dll
0x00007ffd265e0000 - 0x00007ffd26634000 	C:\windows\system32\SHLWAPI.dll
0x00007ffd26e90000 - 0x00007ffd27007000 	C:\windows\system32\USER32.dll
0x00007ffd277b0000 - 0x00007ffd27944000 	C:\windows\system32\ole32.dll
0x00007ffd27a30000 - 0x00007ffd28f5b000 	C:\windows\system32\SHELL32.dll
0x00007ffd25910000 - 0x00007ffd25931000 	C:\windows\SYSTEM32\USERENV.dll
0x00007ffd26de0000 - 0x00007ffd26e8a000 	C:\windows\system32\ADVAPI32.dll
0x00007ffd1e100000 - 0x00007ffd1e11e000 	C:\windows\SYSTEM32\MPR.dll
0x00007ffd26c90000 - 0x00007ffd26dd1000 	C:\windows\system32\RPCRT4.dll
0x00007ffd271e0000 - 0x00007ffd27239000 	C:\windows\SYSTEM32\sechost.dll
0x00007ffd26940000 - 0x00007ffd26b51000 	C:\windows\SYSTEM32\combase.dll
0x00007ffd267f0000 - 0x00007ffd2693f000 	C:\windows\system32\GDI32.dll
0x00007ffd260b0000 - 0x00007ffd260c5000 	C:\windows\SYSTEM32\profapi.dll
0x00007ffd248c0000 - 0x00007ffd24972000 	C:\windows\SYSTEM32\SHCORE.dll
0x00007ffd26c50000 - 0x00007ffd26c86000 	C:\windows\system32\IMM32.DLL
0x00007ffd27020000 - 0x00007ffd27172000 	C:\windows\system32\MSCTF.dll
0x00007ffd26060000 - 0x00007ffd26091000 	C:\Windows\system32\nvinitx.dll
0x00007ffd26050000 - 0x00007ffd2605a000 	C:\windows\SYSTEM32\VERSION.dll
0x0000000070100000 - 0x0000000070106000 	C:\Program Files\NVIDIA Corporation\CoProcManager\_etoured.dll
0x00007ffd240f0000 - 0x00007ffd24121000 	C:\Program Files\NVIDIA Corporation\CoProcManager\nvd3d9wrapx.dll
0x00007ffd27520000 - 0x00007ffd276fa000 	C:\windows\system32\SETUPAPI.dll
0x00007ffd26180000 - 0x00007ffd261cf000 	C:\windows\system32\CFGMGR32.dll
0x00007ffd240c0000 - 0x00007ffd240e2000 	C:\Program Files\NVIDIA Corporation\CoProcManager\nvdxgiwrapx.dll
0x00007ffd24130000 - 0x00007ffd243ab000 	C:\windows\WinSxS\amd64_microsoft.windows.common-controls_6595b64144ccf1df_6.0.9600.18006_none_623f33d3ecbe86e8\COMCTL32.dll
0x000000006e270000 - 0x000000006e341000 	C:\Program Files\Java\jre7\bin\msvcr100.dll
0x000000006db50000 - 0x000000006e26f000 	C:\Program Files\Java\jre7\bin\server\jvm.dll
0x00007ffd23fe0000 - 0x00007ffd23fe9000 	C:\windows\SYSTEM32\WSOCK32.dll
0x00007ffd23f10000 - 0x00007ffd23f32000 	C:\windows\SYSTEM32\WINMM.dll
0x00007ffd26c40000 - 0x00007ffd26c47000 	C:\windows\system32\PSAPI.DLL
0x00007ffd27180000 - 0x00007ffd271da000 	C:\windows\system32\WS2_32.dll
0x00007ffd23e90000 - 0x00007ffd23eba000 	C:\windows\SYSTEM32\WINMMBASE.dll
0x00007ffd27a20000 - 0x00007ffd27a29000 	C:\windows\system32\NSI.dll
0x00007ffd24e70000 - 0x00007ffd24e98000 	C:\windows\SYSTEM32\DEVOBJ.dll
0x000000006db40000 - 0x000000006db4f000 	C:\Program Files\Java\jre7\bin\verify.dll
0x000000006db10000 - 0x000000006db38000 	C:\Program Files\Java\jre7\bin\java.dll
0x000000006daf0000 - 0x000000006db05000 	C:\Program Files\Java\jre7\bin\zip.dll

VM Arguments:
jvm_args: -Dfile.encoding=UTF-8 -Xbootclasspath:D:\Android\adt-bundle-windows-x86_64-20130917\sdk\platforms\android-18\android.jar 
java_command: com.qian.servletasynchttp.Èö´òËã
Launcher Type: SUN_STANDARD

Environment Variables:
JAVA_HOME=C:\Program Files\Java\jdk1.7.0_17
CLASSPATH=.;C:\Program Files\Java\jdk1.7.0_17\bin\tools.jar
PATH=C:\Program Files (x86)\Common Files\NetSarang;C:\Program Files (x86)\Intel\iCLS Client\;C:\Program Files\Intel\iCLS Client\;C:\Program Files (x86)\NVIDIA Corporation\PhysX\Common;C:\windows\system32;C:\windows;C:\windows\System32\Wbem;C:\windows\System32\WindowsPowerShell\v1.0\;C:\Program Files (x86)\Intel\OpenCL SDK\2.0\bin\x86;C:\Program Files (x86)\Intel\OpenCL SDK\2.0\bin\x64;C:\Program Files\Intel\Intel(R) Management Engine Components\DAL;C:\Program Files\Intel\Intel(R) Management Engine Components\IPT;C:\Program Files (x86)\Intel\Intel(R) Management Engine Components\DAL;C:\Program Files (x86)\Intel\Intel(R) Management Engine Components\IPT;D:\MATLAB\R2014a\runtime\win64;D:\MATLAB\R2014a\bin;D:\MATLAB\R2014a\polyspace\bin;C:\Program Files\TortoiseSVN\bin;C:\Program Files (x86)\VisualSVN Server\bin;C:\Program Files\Java\jdk1.7.0_17\bin;D:\altera\11.0\modelsim_ase\win32aloem;D:\Android\adt-bundle-windows-x86_64-20130917\sdk\platform-tools;D:\Android\adt-bundle-windows-x86_64-20130917\sdk\tools;E:\MySoftware\MySQL\bin;E:\KunPeng\apache-maven-3.3.9\bin;E:\KunPeng\apache-maven-3.3.9\bin
USERNAME=QHF
OS=Windows_NT
PROCESSOR_IDENTIFIER=Intel64 Family 6 Model 58 Stepping 9, GenuineIntel



---------------  S Y S T E M  ---------------

OS: Windows 8 , 64 bit Build 9200 

CPU:total 4 (2 cores per cpu, 2 threads per core) family 6 model 58 stepping 9, cmov, cx8, fxsr, mmx, sse, sse2, sse3, ssse3, sse4.1, sse4.2, popcnt, avx, ht, tsc, tscinvbit, tscinv

Memory: 4k page, physical 8288616k(3969968k free), swap 16677224k(10824460k free)

vm_info: Java HotSpot(TM) 64-Bit Server VM (23.7-b01) for windows-amd64 JRE (1.7.0_17-b02), built on Mar  1 2013 03:38:30 by "java_re" with unknown MS VC++:1600

time: Thu Apr 07 17:14:20 2016
elapsed time: 0 seconds

